  [1m[35m (0.1ms)[0m  [1m[34mSELECT sqlite_version(*)[0m
  [1m[35m (138.4ms)[0m  [1m[35mCREATE TABLE "schema_migrations" ("version" varchar NOT NULL PRIMARY KEY)[0m
  [1m[35m (149.1ms)[0m  [1m[35mCREATE TABLE "ar_internal_metadata" ("key" varchar NOT NULL PRIMARY KEY, "value" varchar, "created_at" datetime NOT NULL, "updated_at" datetime NOT NULL)[0m
  [1m[35m (0.2ms)[0m  [1m[34mSELECT "schema_migrations"."version" FROM "schema_migrations" ORDER BY "schema_migrations"."version" ASC[0m
Migrating to CreatePosts (20171028150355)
  [1m[35m (0.1ms)[0m  [1m[36mbegin transaction[0m
  [1m[35m (1.4ms)[0m  [1m[35mCREATE TABLE "posts" ("id" INTEGER PRIMARY KEY AUTOINCREMENT NOT NULL, "title" varchar, "body" text, "created_at" datetime NOT NULL, "updated_at" datetime NOT NULL)[0m
  [1m[35mSQL (0.3ms)[0m  [1m[32mINSERT INTO "schema_migrations" ("version") VALUES (?)[0m  [["version", "20171028150355"]]
  [1m[35m (160.1ms)[0m  [1m[36mcommit transaction[0m
  [1m[36mActiveRecord::InternalMetadata Load (0.4ms)[0m  [1m[34mSELECT  "ar_internal_metadata".* FROM "ar_internal_metadata" WHERE "ar_internal_metadata"."key" = ? LIMIT ?[0m  [["key", "environment"], ["LIMIT", 1]]
  [1m[35m (0.1ms)[0m  [1m[36mbegin transaction[0m
  [1m[35mSQL (1.8ms)[0m  [1m[32mINSERT INTO "ar_internal_metadata" ("key", "value", "created_at", "updated_at") VALUES (?, ?, ?, ?)[0m  [["key", "environment"], ["value", "development"], ["created_at", "2017-10-28 15:04:24.720160"], ["updated_at", "2017-10-28 15:04:24.720160"]]
  [1m[35m (109.6ms)[0m  [1m[36mcommit transaction[0m
  [1m[35m (0.2ms)[0m  [1m[34mSELECT "schema_migrations"."version" FROM "schema_migrations" ORDER BY "schema_migrations"."version" ASC[0m
Started GET "/" for 127.0.0.1 at 2017-10-28 18:26:36 +0300
  [1m[35m (0.1ms)[0m  [1m[34mSELECT "schema_migrations"."version" FROM "schema_migrations" ORDER BY "schema_migrations"."version" ASC[0m
Processing by Rails::WelcomeController#index as HTML
  Rendering /usr/share/rvm/gems/ruby-2.4.1/gems/railties-5.1.4/lib/rails/templates/rails/welcome/index.html.erb
  Rendered /usr/share/rvm/gems/ruby-2.4.1/gems/railties-5.1.4/lib/rails/templates/rails/welcome/index.html.erb (2.5ms)
Completed 200 OK in 13ms (Views: 5.6ms | ActiveRecord: 0.0ms)


Started GET "/" for 127.0.0.1 at 2017-10-28 18:27:31 +0300
  [1m[35m (0.2ms)[0m  [1m[34mSELECT "schema_migrations"."version" FROM "schema_migrations" ORDER BY "schema_migrations"."version" ASC[0m
Processing by PostsController#index as HTML
  Rendering posts/index.html.erb within layouts/application
  [1m[36mPost Load (0.2ms)[0m  [1m[34mSELECT "posts".* FROM "posts"[0m
  Rendered posts/index.html.erb within layouts/application (2.7ms)
Completed 200 OK in 544ms (Views: 534.1ms | ActiveRecord: 0.5ms)


Started GET "/posts/new" for 127.0.0.1 at 2017-10-28 18:27:35 +0300
Processing by PostsController#new as HTML
  Rendering posts/new.html.erb within layouts/application
  Rendered posts/new.html.erb within layouts/application (132.4ms)
Completed 500 Internal Server Error in 147ms (ActiveRecord: 1.0ms)


  
ActionView::Template::Error (undefined method `area_field' for #<ActionView::Helpers::FormBuilder:0x007f05580941d8>
Did you mean?  date_field):
    1: <%= form_for @post do |f| %>
    2:   <%= f.text_field :title %>
    3:   <%=  f.area_field :body %>
    4:   <%= f.submit %>
    5: <% end %>
  
app/views/posts/new.html.erb:3:in `block in _app_views_posts_new_html_erb___3556374646280932467_69830464225540'
app/views/posts/new.html.erb:1:in `_app_views_posts_new_html_erb___3556374646280932467_69830464225540'
Started GET "/" for 127.0.0.1 at 2017-10-28 18:27:45 +0300
Processing by PostsController#index as HTML
  Rendering posts/index.html.erb within layouts/application
  [1m[36mPost Load (0.2ms)[0m  [1m[34mSELECT "posts".* FROM "posts"[0m
  Rendered posts/index.html.erb within layouts/application (1.5ms)
Completed 200 OK in 24ms (Views: 22.5ms | ActiveRecord: 0.2ms)


Started GET "/" for 127.0.0.1 at 2017-10-28 18:28:28 +0300
Processing by PostsController#index as HTML
  Rendering posts/index.html.erb within layouts/application
  [1m[36mPost Load (0.3ms)[0m  [1m[34mSELECT "posts".* FROM "posts"[0m
  Rendered posts/index.html.erb within layouts/application (2.5ms)
Completed 200 OK in 51ms (Views: 48.9ms | ActiveRecord: 0.3ms)


Started GET "/posts/new" for 127.0.0.1 at 2017-10-28 18:28:30 +0300
Processing by PostsController#new as HTML
  Rendering posts/new.html.erb within layouts/application
  Rendered posts/new.html.erb within layouts/application (21.6ms)
Completed 200 OK in 67ms (Views: 64.5ms | ActiveRecord: 0.0ms)


Started POST "/posts" for 127.0.0.1 at 2017-10-28 18:28:38 +0300
Processing by PostsController#create as HTML
  Parameters: {"utf8"=>"✓", "authenticity_token"=>"YkQ2HdBRwQMnXvnhy+1ma1OYtIUTK6IZ85Yj7G6y6ptBiF/ipZx7rgQORTD5vNXg7t7GFr/OSWmF8QHxu/rINg==", "post"=>{"title"=>"df;,;h;d", "body"=>";dhh,;ffd;d;f"}, "commit"=>"Create Post"}
  [1m[35m (0.1ms)[0m  [1m[36mbegin transaction[0m
  [1m[35mSQL (0.3ms)[0m  [1m[32mINSERT INTO "posts" ("title", "body", "created_at", "updated_at") VALUES (?, ?, ?, ?)[0m  [["title", "df;,;h;d"], ["body", ";dhh,;ffd;d;f"], ["created_at", "2017-10-28 15:28:38.124438"], ["updated_at", "2017-10-28 15:28:38.124438"]]
  [1m[35m (280.5ms)[0m  [1m[36mcommit transaction[0m
Redirected to http://localhost:3000/posts
Completed 302 Found in 288ms (ActiveRecord: 280.9ms)


Started GET "/posts" for 127.0.0.1 at 2017-10-28 18:28:38 +0300
Processing by PostsController#index as HTML
  Rendering posts/index.html.erb within layouts/application
  [1m[36mPost Load (0.3ms)[0m  [1m[34mSELECT "posts".* FROM "posts"[0m
  Rendered posts/index.html.erb within layouts/application (4.2ms)
Completed 200 OK in 34ms (Views: 32.3ms | ActiveRecord: 0.3ms)


Started GET "/posts/1" for 127.0.0.1 at 2017-10-28 18:28:42 +0300
Processing by PostsController#show as HTML
  Parameters: {"id"=>"1"}
Completed 500 Internal Server Error in 155ms (ActiveRecord: 0.0ms)


  
NameError (undefined local variable or method `id' for #<PostsController:0x007f055811ea40>):
  
app/controllers/posts_controller.rb:37:in `current_post'
Started GET "/posts/1" for 127.0.0.1 at 2017-10-28 18:29:00 +0300
Processing by PostsController#show as HTML
  Parameters: {"id"=>"1"}
  [1m[36mPost Load (0.4ms)[0m  [1m[34mSELECT  "posts".* FROM "posts" WHERE "posts"."id" = ? LIMIT ?[0m  [["id", 1], ["LIMIT", 1]]
  Rendering posts/show.html.erb within layouts/application
  Rendered posts/show.html.erb within layouts/application (218.4ms)
Completed 500 Internal Server Error in 244ms (ActiveRecord: 2.0ms)


  
ActionView::Template::Error (undefined local variable or method `post' for #<#<Class:0x007f0558060bf8>:0x007f0558056b80>
Did you mean?  @post):
    3: <h2><%= @post.title%></h2>
    4: 
    5: <p>
    6:   <%= post.body %>
    7: </p>
    8: 
    9: 
  
app/views/posts/show.html.erb:6:in `_app_views_posts_show_html_erb__2799840918015468399_69830464178900'
Started GET "/posts/1" for 127.0.0.1 at 2017-10-28 18:29:37 +0300
Processing by PostsController#show as HTML
  Parameters: {"id"=>"1"}
  [1m[36mPost Load (0.2ms)[0m  [1m[34mSELECT  "posts".* FROM "posts" WHERE "posts"."id" = ? LIMIT ?[0m  [["id", 1], ["LIMIT", 1]]
  Rendering posts/show.html.erb within layouts/application
  Rendered posts/show.html.erb within layouts/application (0.7ms)
Completed 200 OK in 52ms (Views: 31.9ms | ActiveRecord: 1.4ms)


Started GET "/posts" for 127.0.0.1 at 2017-10-28 18:29:40 +0300
Processing by PostsController#index as HTML
  Rendering posts/index.html.erb within layouts/application
  [1m[36mPost Load (0.2ms)[0m  [1m[34mSELECT "posts".* FROM "posts"[0m
  Rendered posts/index.html.erb within layouts/application (2.7ms)
Completed 200 OK in 29ms (Views: 27.0ms | ActiveRecord: 0.2ms)


Started DELETE "/posts/1" for 127.0.0.1 at 2017-10-28 18:29:41 +0300
Processing by PostsController#destroy as HTML
  Parameters: {"authenticity_token"=>"Qoig80nAi7iVINUc5JNCwgLEDNmVvE/qQBriNZ+Ohnk5yd57lo0Q1xodRf+bc9/nGC9H/j4Qdgy7xT7jmxLnyA==", "id"=>"1"}
  [1m[36mPost Load (0.3ms)[0m  [1m[34mSELECT  "posts".* FROM "posts" WHERE "posts"."id" = ? LIMIT ?[0m  [["id", 1], ["LIMIT", 1]]
  [1m[35m (0.1ms)[0m  [1m[36mbegin transaction[0m
  [1m[35mSQL (1.4ms)[0m  [1m[31mDELETE FROM "posts" WHERE "posts"."id" = ?[0m  [["id", 1]]
  [1m[35m (121.5ms)[0m  [1m[36mcommit transaction[0m
Redirected to http://localhost:3000/posts
Completed 302 Found in 127ms (ActiveRecord: 123.2ms)


Started GET "/posts" for 127.0.0.1 at 2017-10-28 18:29:41 +0300
Processing by PostsController#index as HTML
  Rendering posts/index.html.erb within layouts/application
  [1m[36mPost Load (0.2ms)[0m  [1m[34mSELECT "posts".* FROM "posts"[0m
  Rendered posts/index.html.erb within layouts/application (2.1ms)
Completed 200 OK in 24ms (Views: 22.3ms | ActiveRecord: 0.2ms)


Started GET "/posts/new" for 127.0.0.1 at 2017-10-28 18:29:42 +0300
Processing by PostsController#new as HTML
  Rendering posts/new.html.erb within layouts/application
  Rendered posts/new.html.erb within layouts/application (2.6ms)
Completed 200 OK in 52ms (Views: 49.5ms | ActiveRecord: 0.0ms)


Started GET "/posts/new" for 127.0.0.1 at 2017-10-28 18:30:49 +0300
Processing by PostsController#new as HTML
  Rendering posts/new.html.erb within layouts/application
  Rendered posts/new.html.erb within layouts/application (1.3ms)
Completed 200 OK in 17ms (Views: 16.5ms | ActiveRecord: 0.0ms)


Started POST "/posts" for 127.0.0.1 at 2017-10-28 18:31:05 +0300
Processing by PostsController#create as HTML
  Parameters: {"utf8"=>"✓", "authenticity_token"=>"BGJNU3USTZDaTukhtGdDIU7bhvEphCu3ZsjusCOfJ4d/IzPbql/W/1VzecLLh94EVDDN1oIoElGdFzJmJwNGNg==", "post"=>{"title"=>"two title dffhh", "body"=>"sfffffs dsgsdk jlsdglsdl ldslfslfjlslfsmlsd lsdlsfolsjl "}, "commit"=>"Create Post"}
  [1m[35m (0.1ms)[0m  [1m[36mbegin transaction[0m
  [1m[35mSQL (1.7ms)[0m  [1m[32mINSERT INTO "posts" ("title", "body", "created_at", "updated_at") VALUES (?, ?, ?, ?)[0m  [["title", "two title dffhh"], ["body", "sfffffs dsgsdk jlsdglsdl ldslfslfjlslfsmlsd lsdlsfolsjl "], ["created_at", "2017-10-28 15:31:06.002048"], ["updated_at", "2017-10-28 15:31:06.002048"]]
  [1m[35m (194.0ms)[0m  [1m[36mcommit transaction[0m
Redirected to http://localhost:3000/posts
Completed 302 Found in 200ms (ActiveRecord: 195.8ms)


Started GET "/posts" for 127.0.0.1 at 2017-10-28 18:31:06 +0300
Processing by PostsController#index as HTML
  Rendering posts/index.html.erb within layouts/application
  [1m[36mPost Load (0.2ms)[0m  [1m[34mSELECT "posts".* FROM "posts"[0m
  Rendered posts/index.html.erb within layouts/application (1.8ms)
Completed 200 OK in 20ms (Views: 18.8ms | ActiveRecord: 0.2ms)


Started GET "/posts/2" for 127.0.0.1 at 2017-10-28 18:31:09 +0300
Processing by PostsController#show as HTML
  Parameters: {"id"=>"2"}
  [1m[36mPost Load (0.2ms)[0m  [1m[34mSELECT  "posts".* FROM "posts" WHERE "posts"."id" = ? LIMIT ?[0m  [["id", 2], ["LIMIT", 1]]
  Rendering posts/show.html.erb within layouts/application
  Rendered posts/show.html.erb within layouts/application (0.9ms)
Completed 200 OK in 28ms (Views: 25.3ms | ActiveRecord: 0.2ms)


